<?xml version="1.0" encoding="UTF-8"?>
<!-- Generated by org.testng.reporters.JUnitXMLReporter -->
<testsuite ignored="1" hostname="DESKTOP-QAIDOER" failures="1" tests="1" name="TestNGProject" time="0.073" errors="0" timestamp="2023-05-08T09:16:27 MSK">
  <testcase classname="com.automation.testcases.SoftAssertHardAssert" name="testSoftAssert" time="0.02">
    <failure type="java.lang.AssertionError" message="The following asserts failed:
	expected [Chriag] but found [Chirag],
	expected [Tet] but found [Test],
	expected [Dex] but found [Devx]">
      <![CDATA[java.lang.AssertionError: The following asserts failed:
expected [Chriag] but found [Chirag],
expected [Tet] but found [Test],
expected [Dex] but found [Devx]
at com.automation.testcases.SoftAssertHardAssert.testSoftAssert(SoftAssertHardAssert.java:18)
at java.base/java.util.ArrayList.forEach(ArrayList.java:1511)
at com.intellij.rt.testng.IDEARemoteTestNG.run(IDEARemoteTestNG.java:66)
at com.intellij.rt.testng.RemoteTestNGStarter.main(RemoteTestNGStarter.java:105)
... Removed 24 stack frames]]>
    </failure>
  </testcase> <!-- testSoftAssert -->
  <testcase classname="com.automation.testcases.SoftAssertHardAssert" name="testHardAssert" time="0.0">
    <ignored/>
  </testcase> <!-- testHardAssert -->
</testsuite> <!-- TestNGProject -->
